Aleksandrów Kujawski,5021,005100339
Andrychów,4021,005100340
Andrychów Górnica,4022,005100336
Andrzejówka,3022,005100338
Anieliny,5022,005100337
Antonin,7021,005100342
Antoniów,2021,005100341
Antoniówka,2022,005100334
Arcelin,1021,005100345
Augustów,1,005100089
Augustów Port,1022,005100344
Augustówka,1023,005100347
Azory,1024,005100349
Babi Dół,5024,005100398
Babiak,5023,005100351
Babica,3023,005100350
Babica Kolonia,3024,005100464
Babimost,7022,005100492
Baborów,901,005100366
Baborówko,7024,005100366
Baboszewo,1025,005100373
Baby,1026,005100372
Bachorce,5025,005200319
Baciuty,1027,005100360
Bajtkowo,1028,005100361
Balin,3025,005100363
Balinka,1029,005100482
Baranówka,3026,005100465
Barchów,1031,005100359
Barcice,3027,005100392
Barcząca,1032,005100666
Barczewo,5029,005100683
Bardo Przyłęk,6021,005100367
Bardo Śląskie,6022,005100576
Barłogi,7025,005100557
Barnówko,8026,005100465
Bartąg,5030,005100586
Bartnica,6023,005100565
Bartodzieje,2024,005100406
Barwałd Górny,3028,005100629
Barwałd Średni,3362,005100627
Barzkowice,8028,005100472
Baszewice,8029,005100584
Basznia,3029,005100369
Basznia Dolna,3030,005100355
Batowice Lubańskie,6025,005100370
Bażanowice,4024,005101874
Bąk,5032,005100362
Bąkowiec,2025,005100476
Bąków,6026,005100371
Bednary,1034,005100594
Bedoń,1035,005100407
Belęcin Wielkopolski,7026,005100388
Bełchatów Miasto,1037,005100411
Bełchów,1038,005100411
Bełczna,8030,005100411
Bełsznica,4025,005100413
Bełżec,2,005100668
Bełżec Drugi,2026,005100403
Bemowizna,5033,005100417
Berezów,2027,005100415
Besko,3031,005100416
Będów,7027,005100319
Będziemyśl,3032,005100679
Będzin,4027,005100410
Będzin Ksawera,4029,005100474
Będzin Miasto,4031,005100493
Będzino,8032,005100414
Będźmirowice,5034,005100495
Biadki,7028,005100432
Biadoliny,3033,005100435
Biała,7029,005100431
Biała k/Piszu,1041,005100447
Biała Pajęczańska,4032,005100534
Biała Pilska,8033,005100537
Biała Podlaska,3,005100086
Białki,5035,005100575
Białki Siedleckie,1042,005100575
Białogard,4,005100001
Białośliwie,8034,005100450
Białuń,8035,005100443
Biały Bór,8036,005100382
Biały Dunajec,3034,005100404
Biały Kościół,6031,005100456
Biały Zdrój Południowy,8037,005100678
Biały Zdrój Północny,8038,005100678
Białystok,6,005100002
Białystok Bacieczki,1044,005100433
Białystok Stadion,1046,005100581
Białystok Starosielce,1047,005100579
Białystok Wiadukt,1048,005100632
Bieczyno Pomorskie,8039,005100541
Bielany Podlaskie,1050,005100539
Bielawy,5036,005100642
Bielin,8041,005100441
Bieliny Opoczyńskie,2028,005100523
Bielsk Podlaski,8,005100539
Bielsko Biała Główna,7,005100316
Bielsko Biała Komorowice,4035,005100444
Bielsko Biała Leszczyny,4036,005100379
Bielsko Biała Lipnik,4037,005100380
Bielsko Biała Mikuszowice,4038,005100381
Bielsko Biała Wschód,4041,005100439
Bieniów,7032,005100503
Bierawa,4043,005100449
Bierkowice,6035,005100466
Biernatowo,8043,005100505
Bieruń Mleczarnia,4351,005103796
Bierutów,6036,005100566
Bierzwnik,8044,005100673
Biesal,5039,005100455
Biesowice,8045,005100582
Biłgoraj,2029,005100438
Biniew,7034,005100499
Bińcze,8046,005100457
Biskupice k/Kluczborka,6038,005100452
Biskupice Lubelskie,2030,005100488
Biskupice Oławskie,6039,005100519
Biskupiec Pomorski,5040,005100538
Biskupnica,8047,005100475
Blachownia,4044,005100479
Blizna,1051,005100491
Błaszki,7037,005100487
Błażkowa,6040,005100483
Błądzim,5041,005100484
Błonie,1052,005100496
Błotnica,7038,005100486
Błotnica Strzelecka,6041,005100580
Bobowa,3036,005100508
Bobowa Miasto,3037,005100509
Bobrowniki,1053,005100530
Bobrowo Pomorskie,8048,005100494
Bobrówka,3038,005100560
Bobry,1054,005100507
Bochnia,9,005100227
Boczów,7041,005100397
Bogaczewo,5044,005100420
Bogaczów,7043,005100421
Bogdaniec,8049,005100298
Bogoniowice Ciężkowice,3039,005100393
Boguchwała,3040,005100515
Bogumiłowice,3041,005100423
Boguszewo,5045,005100427
Boguszów Gorce,6044,005100429
Boguszów Gorce Wschód,6045,005100428
Boguszów Gorce Zachód,6046,005100511
Bojanowo,7044,005100459
Bojary,1055,005100517
Boksycka,2033,005100518
Bolechowo,7045,005100481
Bolesławice Świdnickie,6047,005100578
Bolesławiec,10,005100079
Boleszkowice,8051,005100480
Boreczek,6049,005100548
Borki Kosy,1056,005100525
Borki Opolskie,6050,005100561
Borki Siedleckie,1057,005100575
Borkowice,6051,005100467
Borkowo,5047,005100524
Boronów,4045,005100559
Borowa Oleśnicka,6052,005100628
Borowiki,1058,005100545
Borowina,1059,005100640
Borsukówka,1060,005100528
Borszewice,1061,005100570
Boszkowo,7051,005100526
Boża Wola,1063,005100357
Bożacin,7052,005100533
Bożepole Wielkie,5048,005100544
Brachlewo,5049,005100553
Braniewo,405,005100302
Braniewo Gr,8801,002000001
Bratków,2034,005100589
Bratoszewice,1064,005100593
Brodnica,5052,005100401
Brody Iłżeckie,2035,005100399
Brody Warszawskie,1065,005100405
Brokęcino,8056,005100471
Bronów,7054,005100558
Brusy,5057,005100615
Brwice,8057,005100633
Brwinów,1066,005100633
Brzeg,11,005100003
Brzeg Dolny,12,005100004
Brzeg Głogowski,6058,005100422
Brzesko Okocim,3043,005100671
Brzeszcze Jawiszowice,4048,005100555
Brzezinka Średzka,6060,005100574
Brzeziny,2315,005100574
Brzeźnica,3044,005100498
Brzeźnica n/Wartą,4051,005100637
Brzeźno,2038,005100562
Brzeźno Człuchowskie,8058,005100396
Brzoza Bydgoska,5058,005100376
Brzoza Toruńska,5059,005100592
Brzozowica,1067,005100667
Brzozowiec Gorzowski,7056,005100552
Brzustów,2040,005100682
Buchałów,7057,005100597
Budachów,7060,005100600
Budki Nowe,7061,005100400
Budy Głogowskie,3045,005100603
Budziszowice,6061,005100602
Budzyń,7062,005100653
Bujaki,5062,005100458
Buk,7063,005100596
Bukowa,2041,005100607
Bukowice Trzebnickie,6064,005100585
Bukowiec Międzyrzecki,7064,005100609
Bukowina Sycowska,7066,005100477
Bukowno,4052,005100610
Bukowno Przymiarki,4266,005102981
Bukowo,6065,005100611
Bukowo Człuchowskie,5065,005100617
Bukwałd,5066,005100470
Bulowice,4053,005100608
Burkat,5067,005100614
Bursztynowo,5068,005100616
Byczyna Kluczborska,6067,005100643
Bydgoszcz Akademia,5070,005100641
Bydgoszcz Bielawy,5071,005100642
Bydgoszcz Brdyujście,5072,005100644
Bydgoszcz Fordon,5074,005100646
Bydgoszcz Główna,14,005100005
Bydgoszcz Leśna,5075,005100647
Bydgoszcz Łęgnowo,5076,005100652
Bydgoszcz Osowa Góra,5077,005100661
Bydgoszcz Wschód,501,005100648
Bystra Podhalańska,3046,005100658
Bystrzyca Kłodzka Przedmieście,6069,005100656
Bystrzyca Kłodzka,6070,005100656
Bytnica,7068,005100649
Bytom,15,005100006
Bytom Bobrek,4054,005100587
Bytom Karb,4055,005100651
Bytom Odrzański,7069,005100654
Bytonia,5079,005100590
Bzowiec,5080,005100665
Cegłów,1069,005100700
Cekcyn,5081,005100701
Celestynów,1070,005100702
Cerkiewnik,5083,005100705
Chabówka,3047,005100091
Chałupki,278,005100708
Chałupki Gr,8802,005100708
Chałupy,5084,005100686
Charnowo Słupskie,8061,005100719
Charsznica,2043,005100687
Chechło,1071,005100710
Chełchy,1072,005100714
Chełm,16,005100303
Chełm Cementownia,2044,005100691
Chełm Miasto,2045,005100768
Chełm Śląski,4225,005100817
Chełmce,5085,005100703
Chełmek Fabryka,3049,005100712
Chełmek Wołowski,6071,005100838
Chełmża,5089,005100761
Chludowo,7073,005100759
Chmielnik,2047,005100709
Chmielniki Bydgoskie,5090,005100709
Chmielowice,6073,005100764
Chocicza,7074,005100788
Chociszew,1073,005100696
Chociszewo Rogoziniec,7075,005100695
Chociw Łaski,5091,005100790
Chociwel,8063,005100796
Chocznia,3050,005100792
Chocznia Górna,4059,005100713
Chodzież,17,005100092
Chojna,8064,005100720
Chojnice,18,005100304
Chojnik,3051,005100789
Chojnów,902,005100793
Chorzew Siemkowice,4060,005100093
Chorzów Batory,4061,005100786
Chorzów Miasto,4062,005100073
Chorzów Stary,4063,005100723
Choszczno,19,005100094
Chotomów,1075,005100826
Chotyłów,1076,005100828
Chronów,2048,005100807
Chrosna,1078,005100722
Chrośnica,7077,005100809
Chróścina Nyska,6078,005100784
Chróścina Opolska,6079,005100794
Chrusty Nowe,1079,005100782
Chruszczobród,4064,005100811
Chruścice,6077,005100805
Chruściel,5093,005100725
Chrzanów,704,005100728
Chrzanów Śródmieście,3054,005100819
Chrząstowice,6081,005100814
Chrząstowice Olkuskie,4065,005100785
Chrzęsne,1080,005100806
Chwalibogowo,7079,005100835
Chwałkowo Kościelne,7081,005103595
Chybie,705,005100727
Chybie Mnich,4067,005100849
Chynów,2049,005100850
Ciasna,4068,005100730
Ciechanowice,6082,005100732
Ciechanów,20,005100095
Ciechanów Przemysłowy,5094,005100741
Ciecholub,8068,005100740
Cieksyn,1082,005100736
Cienin,7084,005100735
Cienin Kościelny,7085,005100745
Ciepielów,7086,005102871
Cieplewo,5095,005100743
Cierpice,5096,005100800
Cierpigórz,1083,005100733
Cieszków,7088,005100861
Cieszyn,22,005100873
Cieszyn Marklowice,4069,005100767
Cieszyno Łobeskie,8071,005100752
Cięcina,4071,005100694
Cięcina Dolna,4406,005104563
Cikowice,3055,005100747
Cimochy,1084,008505788
Cisie,1085,005100729
Cisiec,4072,005100815
Cmolas,3056,005100770
Cybowo,8072,005100845
Cykarzew,4073,005100848
Cykarzew Stary,4074,005100851
Czachówek Górny,1087,005100707
Czachówek Wschodni,1090,005100858
Czaplinek,8074,005100866
Czarlin,5097,005100774
Czarna Białostocka,1091,005100853
Czarna Tarnowska,3057,005100870
Czarna Woda,5098,005100864
Czarnca,2052,005100868
Czarne,8075,005100778
Czarne Małe,8076,005100762
Czarnobór,8077,005100776
Czarnocin,1092,005100777
Czarnowąsy,6085,005100783
Czarnowęsy Pomorskie,8078,005100839
Czarny Blok,1094,005100688
Czastary,7094,005100869
Czaszyn,3059,005100821
Czechowice Dziedzice,23,005100251
Czechowice Dziedzice Południowe,4075,005100251
Czechowice Dziedzice Przedmieście,4076,005100251
Czechowizna,1095,005100843
Czekanów,7095,005100746
Czekanów Śląski,4077,005100746
Czekanów Wieś,4078,005100746
Czeluścin,7096,005100753
Czempiń,503,005100771
Czepino,8081,005100801
Czeremcha,424,005100863
Czermno,5100,005100867
Czerna,6086,005100775
Czerna Mała,6087,005100781
Czernica Wrocławska,6089,005100697
Czerniejewo,7097,005100860
Czerniewice,5101,005100831
Czernikowo,5103,005100749
Czersk,5104,005100803
Czersk Świecki,5105,005100816
Czeruchy,5106,005100813
Czerwieńsk,25,005100096
Czerwionka,4079,005101963
Czerwionka Dębieńsko,4080,005101966
Czerwonak,7098,005100837
Czerwonka,416,005100164
Czeska Wieś,6091,005100832
Czesławice,2054,005100760
Częstochowa Aniołów,4081,005100824
Częstochowa Gnaszyn,4082,005104421
Częstochowa Raków,4084,005100827
Częstochowa Stradom,4085,005100235
Człopa,8082,005100755
Człuchów,27,005100755
Czudec,3060,005100871
Czuprynowo,1097,005100802
Czyżew,28,005100097
Czyżowice,4087,005100844
Dalanówek,1098,005100876
Dalekie,1099,005100875
Daleszewo Gryfińskie,8084,005100879
Dalęcino,8085,005100885
Damnica,8086,005100886
Daniszewo,1100,005100894
Daniszyn,7099,005100894
Dankowice,4088,005100937
Daszewo,8088,005100891
Dąbie n/Nerem,5107,005100882
Dąbkowizna,1101,005100884
Dąbroszyn,8089,005100295
Dąbrowa Białostocka,1102,005100900
Dąbrowa Chełmińska,5108,005100878
Dąbrowa Górnicza,30,005100250
Dąbrowa Niemodlińska,6093,005100956
Dąbrowa Oleśnicka,6094,005100905
Dąbrowica k/Biłgoraja,2056,005100438
Dąbrowice Skierniewickie,1105,005100995
Dąbrowy,5109,005100877
Dąbrówka Malborska,5111,005100904
Deszczno,7102,005100923
Dęba Opoczyńska,2058,005100917
Dęba Rozalin,2059,005100922
Dębe Wielkie,1107,005100924
Dębica,31,005100228
Dęblin,32,005100099
Dębowy Gaj,6095,005100934
Dębska Kuźnia,6096,005100918
Dębska Wola,2060,005100918
Długi Kąt,2061,005100946
Długie,3065,005100942
Długołęka,6097,005100944
Długopole Zdrój,6099,005100947
Dobczyn,1109,005100961
Dobiegniew,8094,005100966
Dobieszyn,2062,005101038
Dobino Wałeckie,8097,005101007
Dobre Miasto,5113,005100964
Dobrocin,5114,005100962
Dobroń,1110,005100988
Dobroszyce,6102,005101026
Dobrowoda,1111,005101009
Dobrynka,1112,005101018
Dobryszyce k/Radomska,1113,005100938
Dobrzechów,3067,005101027
Dobrzejewice,5115,005101029
Dobrzeń Wielki,6103,005101030
Dobrzyniewo Duże,1114,005100963
Dobrzyń,5116,005100978
Dolaszewo Wałeckie,8099,005100997
Dolice,8100,005100959
Dolna Odra,8101,005100972
Dolnik,8102,005100969
Domaniewice,1115,005100971
Domanin,7107,005100970
Domaszków,6107,005100975
Domaszowice,6108,005100979
Dominów,2063,005100951
Domisław,8103,005100977
Dopiewo,7108,005100973
Dorohusk,706,005100974
Dragacz,5118,005100982
Drawiny,8104,005100992
Drawski Młyn,7109,005100987
Drawsko Pomorskie,8106,005100980
Drogomyśl,4097,005100989
Drużyna Poznańska,7112,005100990
Drużyny,5120,005100990
Drygały,1116,005100985
Drygulec,2064,005100985
Drzeńsko,7114,005100994
Drzewce,7115,005100983
Drzewica,34,005100986
Drzonowo,8107,005100958
Drzycim,5121,005100912
Drzymałowo,7116,005100880
Dubidze,4098,005100999
Dubielno,5122,005101000
Dulowa,3068,005101002
Dunowo,8108,005101004
Duszniki Zdrój,35,005100008
Dwikozy,2065,005101970
Dwory,4099,005101014
Dygowo,8109,005101017
Dytmarów,6110,005101020
Dziadówki,3069,005100914
Działdowo,402,005100100
Dziembówko,8111,005101031
Dziemiany Kaszubskie,5123,005100935
Dziergowice,4101,005101034
Dzierżanów Wielkopolski,7119,005101032
Dzierżoniów Dolny,6111,005101035
Dzierżoniów Śląski,36,005101035
Dzietrzniki,7120,005101036
Dziewięcierz,3070,005101016
Dziewule,1117,005101015
Dzięczyn,7121,005100913
Dziwno,5127,005101013
Elbląg,37,005100253
Ełk,38,005100305
Ełk Szyba Wschodnia,1118,005101040
Ełk Szyba Zachodnia,1119,005101042
Ełk Zachodni,1120,005101042
Fałkowo,7123,005101045
Fasty,1121,005101046
Firlus,5130,005101048
Fiszewo,5131,005101054
Fiuk,3071,008575453
Fosowskie,6112,005100101
Fronołów,1122,005101050
Frysztak,3072,005101049
Gajówka,2067,005101063
Gałęzinowo,8114,005104430
Gałkówek,1123,005101064
Gamerki Wielkie,5135,005101066
Garbatka Letnisko,2068,005101072
Garbce,6113,005101056
Garczyn,5138,005101075
Gardeja,5139,005101112
Garki,7124,005101164
Garwolin,1124,005101067
Garzyn,7125,005101076
Gawrony,1125,005101305
Gąbin,8116,005101081
Gądki,7127,005101058
Gądków Wielki,7128,005101171
Gągławki,5140,005101060
Gąsawy Plebańskie,2069,005101069
Gąsocin,5141,005101071
Gdakowo,5142,005101105
Gdańsk Główny,40,005100009
Gdańsk Lipce,5147,005101114
Gdańsk Oliwa,5150,005101104
Gdańsk Orunia,5152,005101116
Gdańsk Osowa,5153,005101166
Gdańsk Politechnika,5154,005101117
Gdańsk Przymorze,5158,005101242
Gdańsk Stocznia,5159,005101266
Gdańsk Wrzeszcz,5162,005101307
Gdańsk Zaspa,5163,005101127
Gdańsk Zaspa Towarowa,5743,005101127
Gdańsk Żabianka,5164,005101317
Gdynia Chylonia,5165,005101091
Gdynia Cisowa,5744,005104585
Gdynia Główna Osobowa,41,005100010
Gdynia Grabówek,5167,005101110
Gdynia Leszczynki,5168,005101311
Gdynia Orłowo,5171,005101118
Gdynia Redłowo,5175,005101126
Gdynia Stocznia,5177,005101120
Gdynia Wielki Kack,5178,005101124
Gdynia Wzgórze Świętego Maksymiliana,5179,005101304
Gębarzewo,7129,005101128
Gieniusze,1127,005101149
Gierałtów,6115,005101154
Gierałtów Wykroty,6116,005101155
Gierwaty,1128,005101151
Giżycko,42,005100102
Gliniczek,3073,005101203
Gliniszcze,1129,005101213
Glinnik,1130,005101208
Gliwice,43,005100011
Gliwice Kuźnica,4102,005101180
Gliwice Łabędy,4103,005101181
Gliwice Sośnica,4105,005101180
Głazów,8117,005101060
Głębokie Międzyrzeckie,7133,005101177
Głogów,44,005100012
Głogów Huta,6118,005101179
Głogów Małopolski,3074,005101178
Głogówek,6117,005101142
Głowaczewo,8118,005101297
Głowno,410,005100326
Głuchołazy,6122,005101331
Głuchołazy Miasto,6123,005101331
Głuchołazy Zdrój,6124,005101331
Głuchowo,5181,005101095
Głuchów,3075,005101176
Głuszyca,6125,005101191
Głuszyca Górna,6126,005101135
Głuszyno Pomorskie,8119,005101185
Gniewczyna,3076,005101202
Gniewkowo,5183,005101205
Gniezno,45,005100013
Gniezno Winiary,7135,005100013
Goczałkowice,4106,005101092
Goczałkowice Zdrój,4107,005101224
Goczałków,6128,005101098
Godętowo,5184,005101217
Godków,505,005100103
Gogolewo,8120,005101220
Gogolin,6129,005101140
Goleniów,506,005100105
Goleszów,4109,005101277
Goleszów Górny,4110,005101277
Golęczewo,7139,005101100
Golina,7140,005101214
Goliszów,6130,005101152
Golub Dobrzyń,5185,005100978
Gołańcz,7141,005101319
Gołaszewo Kujawskie,5186,005101170
Gołąb,2072,005101175
Gołotczyzna,5188,005101187
Gołubie Kaszubskie,5189,005101160
Gomunice,1133,005101226
Goniądz,1134,005101147
Gorzanów,6131,005101327
Gorzędów,1135,005101320
Gorzkowice,1136,005101324
Gorzów Chrzanowski,4111,005101097
Gorzów Wielkopolski Karnin,8123,005101303
Gorzów Wielkopolski Wieprzyce,8124,005100106
Gorzów Wielkopolski Zamoście,8125,005101326
Gorzów Wielkopolski Zieleniec,8126,005101321
Gorzuchowo Chełmińskie,5192,005101221
Gorzuchów Kłodzki,6133,005101165
Gorzupia,7144,005101329
Gosławice,7147,005102589
Gostomia,8127,002000577
Gostynin,1137,005101279
Gostyń,7148,005101236
Goszcza,3080,005101268
Gościcino Wejherowskie,5196,005101302
Gościszewo,5197,005101096
Gośniewice,2073,005101269
Gotki,5198,005101232
Goworowo,1138,005101306
Gozdowo,1139,005101234
Góra Kalwaria,1140,005101167
Górażdże,6137,005101059
Górka Duchowna,7153,005101107
Górki Noteckie,8129,005101169
Górki Pomorskie,8130,005101239
Górki Szczukowskie,2075,005101274
Górki Śląskie,4113,005101168
Górna Grupa,5200,005101233
Górowo,5201,005101228
Górzyca,8131,005101310
Górzyca Reska,8132,005101310
Górzyniec,6138,005101312
Grabiny,3081,005101089
Grabowno Wielkie,6140,005101082
Grabów Nad Pilicą,2076,005101086
Grabów Szlachecki,2077,005101079
Grajewo,433,005101158
Gralewo,5203,005101189
Granowiec,7157,005101073
Granowo Nowotomyskie,7158,005101207
Gregorowce,1144,005101259
Grębocice,6142,005101130
Grębocin,5204,005101131
Gręboszów,6143,005101090
Grębów,2078,005101247
Grodków Śląski,6144,005101253
Grodzie,5206,005101111
Grodzisko,3082,005101162
Grodzisko Dolne,3083,005101162
Grodziszcze Mazowieckie,1150,005101332
Grom,5208,005101257
Gromnik,3084,005101256
Gronajny,5209,005101204
Gronowo Elbląskie,5210,005101129
Grotniki,1151,005101251
Grudze,1154,005101284
Grudziądz,48,005101296
Grudziądz Mniszek,5211,005101195
Grudziądz Przedmieście,5213,005101258
Grupa,5214,005101282
Grybów,3085,005101264
Gryfice,8134,005100107
Gryfino,507,005100108
Gryfów Śląski,6147,005100109
Grylewo,7160,005101254
Gryźliny,5215,005101316
Grzegorzewice,1155,005101141
Grzegorzewo,1156,005101141
Grzędzice Stargardzkie,8135,005101260
Grzędzin Kozielski,6148,005101260
Grzęska,3086,005101267
Grzmiąca,8136,005100110
Grzybno,5218,005101318
Grzywna,5219,005101315
Gułtowy,7163,005101295
Gutkowo,5220,005101293
Gutowiec,5221,005101294
Gutowo Wielkopolskie,7164,005101289
Gwda Mała,8138,005101299
Gzin,5223,005101323
Hajnówka,423,005101334
Halinów,1158,005101343
Hartowiec,5224,005101351
Hel,51,005101340
Henrykowo,5225,005101339
Henryków,6149,005101341
Herby Nowe,708,005100111
Herby Stare,4116,005100112
Hołówki Duże,1159,005101338
Hordzieżka,1160,005100320
Horyniec Zdrój,3088,005101337
Hrebenne,3089,005101335
Hrubieszów Miasto,2083,005104018
Huta,5226,005101345
Huta Krzeszowska,2085,005101863
Iława Główna,53,005100075
Iława Miasto,5227,005101358
Iłowa Żagańska,7165,005101356
Iłowiec,7166,005101357
Iłowo,5228,005101361
Imbramowice,6150,005101352
Imielin,4226,005101359
Inowrocław,54,005100015
Inowrocław Rąbinek,5230,005101362
Inwałd,4118,005101360
Iwin,8141,005101363
Izbica,2087,005101366
Jabłonowo Pomorskie,55,005100113
Jabłoń Kościelna,1163,005101428
Jackowice,1164,005101371
Jackowo Dworskie,5233,005101400
Jacków,4119,005101368
Jadachy,2088,005101372
Jadwiżyn,5235,005101401
Jagodzin,6153,005101421
Jaksice,5238,005101377
Jaktorów,1165,005101429
Jakubowice,2089,005401333
Jamielnik,5239,005101438
Jamiołki,1166,008800068
Janikowo,5240,005101442
Janinów,4121,005101444
Jankowa,3091,005101443
Jankowa Żagańska,7167,005101447
Jankowo Dolne,7168,005101441
Jankowo Pomorskie,8142,005101446
Janków Przygodzki,7169,005101454
Janowice Wielkie,6155,005101483
Janowiec Wielkopolskie,7170,005101483
Janówek,1167,005101486
Jarocin,56,005100016
Jarosław,57,005100233
Jarosty,1169,005101381
Jaroszowiec Olkuski,4122,005101449
Jarszewo,8143,005101383
Jarzębia Łąka,1170,005101378
Jarzębiec,5242,005101456
Jasienica Dolna,6157,005101460
Jasienica Mazowiecka,1171,005101466
Jasień,7172,005101467
Jasień Brzeski,3093,005101467
Jasiona,6158,005101468
Jasionna Łowicka,1172,005101465
Jasło,58,005100306
Jastarnia,59,005101385
Jastarnia Wczasy,5745,005104478
Jastrowie,8145,005101471
Jastrząb,2091,005101469
Jastrzębie Pomorskie,5245,005101382
Jastrzębie Zdrój Szotkowice,4128,005101382
Jastrzębie Zdrój Zofiówka,4129,005101382
Jastrzębie Zdrój,4130,005101382
Jastrzębie Zdrój Bzie,4124,005101382
Jastrzębie Zdrój Górne,4125,005101382
Jastrzębie Zdrój Moszczenica,4126,005101382
Jastrzębie Zdrój Ruptawa,4127,005101382
Jastrzębna,1175,005101461
Jastrzębsko,7173,005101464
Jaszczów,2092,005101491
Jaśkowice,3095,005101472
Jaśkowice Legnickie,6160,005101432
Jawiszowice Jaźnik,4131,005101426
Jawor,6161,005101487
Jaworzno Ciężkowice,3097,005101482
Jaworzno k/Wielunia,4135,005101488
Jaworzno Szczakowa,60,005100213
Jaworzyna Śląska,61,005100077
Jazy,8146,005101388
Jaźwiny,1176,005101426
Jedlicze,3098,005101396
Jedlicze Łódzkie,1178,005101392
Jedlicze Męcinka,3099,005101397
Jedlina Górna,6162,005101394
Jedlina Zdrój,62,005100114
Jedlnia Kościelna,2093,005101410
Jedlnia Letnisko,2094,005101395
Jeglia,5246,005101407
Jelcz Laskowice,6227,005102108
Jelcz Miłoszyce,6163,005101411
Jelenia Góra,63,005100259
Jelenia Góra Cieplice,6166,005100165
Jelenia Góra Orle,6164,005101433
Jelenia Góra Sobieszów,6167,005101423
Jelenia Góra Zachód,6168,005101424
Jelenin Żagański,7174,005101894
Jelenino,8148,005101425
Jeleń,2095,005101406
Jeleśnia,4137,005101435
Jelna,3100,005101402
Jełowa,6169,005101437
Jeruty,5247,005101419
Jerzmanice Lubuskie,7175,005101436
Jerzmanki,6172,005101455
Jesionka,1180,005101414
Jesionowiec,5248,005101414
Jezierzany,6173,005101493
Jezierzyce Słupskie,8149,005101502
Jeziorki Wałeckie,8150,005101418
Jeżewice,1181,005101403
Jeżewo,5250,005101403
Jeżów Sudecki,6174,005101417
Jeżówka,4138,005101496
Jędrzejów,2096,005100115
Jędrzychowice,6175,005101408
Jonkowo,5251,005101450
Jordanów,3101,005100116
Józefów,1182,005101453
Józefów Roztoczański,2097,005101452
Julianka,4139,005101476
Jurata,64,005101478
Justynów,1183,005101479
Juszczyn,3102,005101481
Kaczkowo,7178,005101506
Kaczorowo,1184,005104431
Kaczory,8152,005101526
Kaczyce,4140,005101546
Kalembina,3103,005101581
Kaletnik,1185,005100117
Kalety,4141,005100117
Kaliska,5254,005101504
Kaliska Kujawskie,5255,005101514
Kalisz,65,005100017
Kalisz Kaszubski,5256,005101632
Kalisz Pomorski,66,005101519
Kalisz Szczypiorno,7179,005101781
Kalisz Winiary,7180,005101860
Kaliszki,1186,005101609
Kalwaria Zebrzydowska,3104,005101889
Kałęczyn,5257,005101571
Kały,6181,005101515
Kamieniec,4142,005100018
Kamieniec Ząbkowicki,67,005100018
Kamienna Góra,6182,005101599
Kamienna Karczma,5261,005101508
Kamienna Nowa,1187,005101704
Kamień Łowicki,1188,005101678
Kamień Mały,8154,005100296
Kamień Pomorski,68,005100247
Kamień Śląski,6184,005101684
Kamieńczyce,3105,005101674
Kamieńsk,1189,005101677
Kamionka Wielka,3106,005101670
Kamionki Jezioro,5264,005101513
Kanie,2098,005101517
Kaniów,4143,005101524
Karcino,8155,005101551
Karlino,8156,005101518
Karłowice,6186,005101654
Karnkowo,5268,005101644
Karsin,5269,005101520
Karwica Mazurska,1191,005101859
Karwice,8158,005101776
Karzec,7182,005101890
Katowice,71,005100020
Katowice Brynów,4145,005101542
Katowice Ligota,710,005101522
Katowice Piotrowice,4152,005101746
Katowice Podlesie,4153,005101808
Katowice Szopienice Południowe,4155,005101812
Katowice Załęże,4156,005101527
Katowice Zawodzie,4144,005101537
Kawcze,8159,005101525
Kawnice,7183,005101851
Kazimierz Biskupi,7184,005101903
Kazimierz Pomorski,8160,005101903
Kąkolewo,7186,005101635
Kątne,5271,005101803
Kąty Wrocławskie,6187,005101817
Kędzierzyn Koźle,72,005100119
Kępa,2100,005101569
Kępice,8161,005101584
Kępka,8162,005101745
Kępno,903,005100023
Kęszyce,1193,005101587
Kętrzyn,408,005100120
Kętrzyno,5273,005100120
Kęty,4162,005101588
Kęty Podlesie,4163,005101592
Kiekrz,7189,005101606
Kielce,73,005100022
Kielce Białogon,2101,005101603
Kielce Czarnów,2102,005101604
Kielce Herbskie,2103,005100121
Kielce Piaski,2104,005101616
Kiełpino,8164,005101612
Kiełpino Kartuskie,5274,005101612
Kijewo,1195,005101628
Klecza Dolna,3108,005101650
Klecza Górna,3109,005101652
Klembów,1197,005101658
Klemensów,2106,005101663
Klementowice,2107,005101664
Klepacze,1198,005101648
Kleszczele,1199,005101657
Klewki,5276,005101591
Klęczany,3110,005103435
Klępicz,8166,005101748
Klępnica,8167,005101748
Klimontów,2108,005101613
Kliniska,8168,005101786
Kluczbork,74,005100236
Kłaj,3112,005101655
Kłodawa,1200,005101563
Kłodzko Główne,75,005101564
Kłodzko Miasto,6191,005101567
Kłokowa,3113,005101666
Kłomnice,4168,005101672
Kłudna,5279,005101665
Kłyżów,2109,005103733
Knurów,4170,005103855
Knyszyn,1201,005101713
Kobiałki,1202,005100575
Kobiór,4349,005103873
Kobylany,1572,005104583
Kobylec,7196,005101529
Kobylin,7197,005101716
Kobylnica,7198,005101536
Kobylnica Słupska,8171,005101539
Kobyłka,1204,005101534
Kochanowice,4173,005101550
Kojszówka,3116,005101724
Kokotów,3117,005101643
Kolbuszowa,3118,005101540
Kolesin,7199,005401509
Kolin,8175,005101723
Kolonowskie,6193,005101864
Kolumna,1205,005101668
Koluszki,76,005100024
Kołbiel,1207,005101661
Koło,77,005100258
Kołobrzeg,78,005100025
Kołodziejewo,5284,005101565
Komańcza,3119,005101726
Komańcza Letnisko,3120,005101690
Komorowo Żuławskie,5285,005101871
Komorów Podmurynia,2110,005101741
Komprachcice,6194,005101681
Koniecpol,711,005100122
Koniecpol Magdasz,4174,005101703
Konin,79,005100026
Konin Zachodni,7206,005101895
Konin Żagański,7207,005101894
Konojady,5286,005101700
Konopki,5287,005101706
Konotopie,5288,005101805
Kończyce,4175,005101876
Kończyce Radomskie,2113,005101883
Kopalina,6195,005101605
Kornatowo,5290,005101771
Kornelin,1209,005101763
Korsze,401,005100123
Korwinów,4176,005101868
Korzenica,3121,005101901
Korzeńsko,6196,005101906
Korzybie,508,005101875
Korzystno,8180,005101875
Kosina,3168,005102175
Kosiorki,1210,005101793
Kosowo Wielkopolskie,7210,005101787
Kostomłoty,2116,005101809
Kostów,6197,005101815
Kostrzyn,80,005100214
Koszalin,81,005100027
Koszewnica,1213,005101797
Koszęcin,4177,005101574
Kościan,82,005100124
Kościernica,8181,005101558
Kościerzyna,83,005101624
Kotlin,7212,005101806
Kotomierz,5295,005101804
Kotórz Mały,6203,005101900
Kotulin,4178,005101825
Kotuń,1214,005101733
Kowalewo Pomorskie,509,005100125
Kowalewo Pomorskie Miasto,5296,005100125
Kowalów,8182,005101736
Kownatki,1216,002400050
Kozia Góra,5297,005101902
Koziebrody,1217,005101905
Kozielice,8183,005101905
Koziołek,1219,005101898
Kozłowo,5299,005101893
Kozłów,712,005101911
Kozuby,5300,005101908
Kozy,4180,005101737
Kozy Zagroda,4181,005101596
Koźla Kożuchowska,7215,005101559
Koźmin Wielkopolski,7216,005101675
Kożuchów,7214,005101559
Kórnik,7217,005101620
Krajenka,8184,005101630
Kraków Batowice,3122,005101756
Kraków Bieżanów,3124,005101757
Kraków Bonarka,3125,005101528
Kraków Główny,85,005100028
Kraków Krzemionki,3127,005101638
Kraków Łobzów,3130,005101633
Kraków Mydlniki,3131,005101689
Kraków Płaszów,86,005100240
Kraków Prokocim,3135,005100238
Kraków Sidzina,3136,005101773
Kraków Swoszowice,3137,005101642
Kraków Zabłocie,3139,005101645
Kramsk,7218,005101755
Krasiejów,6211,005101765
Kraski,5301,005101764
Krasnołąka,5302,005101575
Krasnystaw Fabryczny,2119,005101761
Krasnystaw Miasto,2120,005101788
Kraśnik,2121,005101576
Krępa Krajeńska,8188,005101749
Krężel,2122,005101585
Krężnica Jara,2123,005101626
Krobia,7220,005101533
Krojanty,5306,005101631
Krosno,87,005101770
Krosno Miasto,3140,005101768
Krosno Odrzańskie,7222,005100654
Krosno Polanka,3141,005101750
Krosno Turaszówka,3142,005101774
Krosnowa,1220,005101799
Krosnowice Kłodzkie,6214,005101547
Krostkowo,8189,005101818
Krośnice,6215,005101623
Krośnice Mazowieckie,5307,005101589
Krotoszyn,88,005100307
Królewo Malborskie,5308,005101848
Krusze,1222,005101826
Kruszyna,2124,005101881
Krynica,89,005100029
Krynka Łukowska,1223,005101778
Krzcięcice,2125,005101897
Krzemienica,3144,005101688
Krzemieniewo,7225,005101852
Krzemionki,4184,005101682
Krzepice,4185,005101753
Krzepów,6217,005101854
Krzeszna,5310,005101712
Krzeszowice,3145,005101863
Krzewie,1224,005101844
Krzewina Zgorzelecka,6219,005100244
Krzycko Wielkie,7227,005101866
Krzymosze,1226,005101880
Krzywda,1227,005101877
Krzywin Gryfiński,8192,005101595
Krzywizna,6220,005101887
Krzyż,90,005100030
Krzyżanowice,4186,005101874
Krzyżowa,6221,005101885
Książki,5311,005101780
Książno,7230,005101801
Księginice,6222,005101784
Kubice,6224,005101821
Kudowa Zdrój,91,005100031
Kuklinów,7231,005101830
Kuleje,4187,005101824
Kulesze Kościelne,1228,005103595
Kulice Tczewskie,5312,005101838
Kundzin,1229,005101823
Kunowice,92,005100083
Kunów,2126,005101833
Kupienin,3146,005101835
Kupienino,7233,005101835
Kurowo Braniewskie,5316,005101538
Kursko,7234,005101836
Kusięta Nowe,4190,005101837
Kustrzyce,5318,005101795
Kutno,94,005100032
Kuźnia Raciborska,4191,005101843
Kuźnica (Hel),5319,005101827
Kuźnica Białostocka,95,005100033
Kwiatki,5320,005101855
Kwidzyn,5321,005101850
Kwieciszowice,6226,005101849
Lachowice,3147,005101955
Lachowice Centrum,4192,005101955
Laliki,4193,005101924
Lasek,3148,005101918
Laski Lubuskie,8195,005102049
Laski Odrzańskie,7236,005100654
Laski Tucholskie,5323,005102113
Laskowice Oleskie,6228,005102111
Laskowice Pomorskie,97,005100128
Laskownica,7237,005102107
Lasocice,7238,005401693
Lasowice Małe Oleskie,6229,005102111
Lasów,6230,005101933
Lednogóra,7240,005101979
Legionowo,428,005101981
Legionowo Piaski,1233,005100323
Legionowo Przystanek,1234,005102099
Legnica,99,005100035
Legnica Piekary,6232,005101982
Lekartów,4194,002201203
Leńcze,3150,005101987
Leokadia,1235,005102038
Leonów,1236,005101988
Leopoldów,2127,005102097
Leosia,5324,005101990
Lesięcin,8197,005101958
Lesiow,2128,005101994
Leszczydół,1237,005102115
Leszczyny,4195,005101991
Leszno,100,005100036
Leszno Górne,7241,005101998
Leszno Grzybowo,7242,005102003
Leśnice,8198,005102106
Leśniczówka,2129,005102062
Letnica,7243,005102118
Lewickie,1238,005102150
Lewin Brzeski,6235,005101950
Lewin Kłodzki,6236,005102041
Lewki,1239,005101995
Leżajsk,3152,005101997
Lębork,101,005100129
Lębork Nowy Świat,5326,005102068
Lędziechowo,5327,005101969
Lędziny,4196,005101969
Lęgajny,5328,005101996
Libiąż,3153,005102009
Ligota Toszecka,4197,005102119
Ligowiec,7246,005102001
Linia Zakrzewo,5332,005104341
Linkowo,5335,005102064
Linowo,5336,005102021
Lipa,2130,005102090
Lipce Reymontowskie,1240,005102102
Lipie Góry,5337,005102025
Lipienica,5338,005102092
Lipinki,5339,005102093
Lipinki Łużyckie,7249,005102094
Lipińskie Małe,1241,005102057
Lipka Krajeńska,8201,005102018
Lipki,6237,005102023
Lipno,5340,005102022
Lipno Nowe,7253,005102069
Lipowa Śląska,6238,005102101
Lipowa Tucholska,510,005102027
Lipowe Pole,2131,005102098
Lipuska Huta,5342,005102015
Lipusz,5343,005102028
Lisewo,5344,005102030
Lisie Pole,8202,005102013
Lisowice,4198,005102031
Lisowo,8203,005102024
Lisów,4199,005102026
Lizawice,6239,005102033
Lniano,5346,005102063
Lotyń,8204,005102086
Lubaczów,3156,005101939
Lubajny,5347,005102131
Lubania Lipiny,5348,005101943
Lubanice,7254,005101947
Lubanie,5349,005102126
Lubań Śląski,102,005100224
Lubaszowa,3157,005101951
Lubawka,6241,005101944
Lubicz,5352,005101954
Lubiechnia Mała,7256,005101960
Lubiewo,8400,005102130
Lublin,103,005100037
Lublin Zemborzyce,2135,005102169
Lublinek,1244,005102051
Lubliniec,104,005100237
Lubnia,5354,005102061
Lubomino,5355,005102058
Luboń k/Poznania,7259,005102044
Lubycza Królewska,2136,005102158
Lubzina,3158,005102168
Luciążanka,1245,005101956
Lucynów,1246,005102161
Ludwikowice Kłodzkie,6244,005101970
Ludynia,2137,005102145
Ludynia Dwór,2138,005101967
Lusławice,4202,005102053
Lutol Suchy,7262,005102140
Luzino,5356,005102146
Lwówek Śląski,106,005102152
Ładzin,8210,005101917
Łambinowice,6247,005101925
Łankiejmy,5357,005101926
Łańcut,107,005101932
Łapy,108,005100127
Łapy Osse,1247,005101927
Łasin Koszaliński,8211,005102040
Łask,1248,005101931
Łaskarzew Przystanek,1250,005102163
Ławica,6248,005101934
Łaziska Górne,4203,005102167
Łaziska Górne Brada,4204,005101999
Łaznów,1252,005101935
Łazy,4209,005101936
Łąck,1253,005101959
Łączna,2139,005101965
Łąg,5360,005101919
Łąg Południowy,5361,005103065
Łąkociny,7263,005101929
Łążek,5362,005101937
Łeba,109,005101977
Łęczyca,1254,005101964
Łęgowo Sulechowskie,7264,005102006
Łęka Opatowska,7265,005102043
Łęknica,7266,005103623
Łęknica Koszalińska,8214,005102040
Łętownia,2140,005101992
Łobez,8215,005100126
Łochów,1255,005102073
Łodygowice,4210,005102074
Łodygowice Górne,4211,005102076
Łomnica,6252,005102166
Łomnica Dolna,6253,005102166
Łomnica Średnia,6254,005102166
Łomnica Zdrój,3160,005102166
Łomża,420,005102166
Łopatki,2141,005102100
Łopuchowo,7268,005102083
Łosiów,6255,005102085
Łososiowice,6256,005102075
Łowczów,3162,005102088
Łowczówek Pleśna,3217,005104542
Łowicz Główny,110,005100167
Łowicz Przedmieście,1256,005102077
Łożnica,8216,005102071
Łódź Andrzejów,1257,005100335
Łódź Chojny,111,005100038
Łódź Kaliska,113,005100039
Łódź Widzew,114,005101974
Łódź Żabieniec,1262,005102173
Łubiana,5363,005102122
Łubowo,8217,005102136
Łuczyce,3163,005102124
Ługi Górzyckie,8218,005102128
Łuków,115,005100168
Łuków Łapiguz,1264,005102132
Łuków Śląski,4212,005102047
Łuków Zapowiednik,1573,005104581
Łupków,3165,005102153
Łupowo,8219,005100299
Łysomice,5365,005102162
Machnacz,1265,005102295
Maciowakrze,6258,009400380
Majdan,2142,005102174
Majdan Królewski,2143,005102260
Majewo,5366,005102181
Maków,1266,005102269
Maków Podhalański,3166,005102179
Maksymilianowo,511,005102182
Malbork,117,005100040
Malbork Kałdowo,5367,005102267
Malczyce,6259,005102278
Małaszewicze,116,005100215
Małdyty,118,005100309
Małe Gacno,5369,005102178
Małki,5370,005100087
Małkinia,119,005100087
Małogoszcz,2145,005102280
Małomice,7273,005102184
Małowice Wołowskie,6260,005102366
Mańkowice,6262,005102300
Marcinkowo,5371,005102201
Marcinków,2146,005104453
Marciszów,905,005100078
Marczów,6264,005102187
Martiany,5372,005102332
Marzenin,7276,005102329
Masłońskie Natalin,4213,005102188
Matysy,1269,005102189
Maziły,2147,005102192
Mąkoszyce,6265,005102271
Medyka,120,005104533
Mełno,5376,005102211
Metelin,2149,008004001
Męcikał,5377,005102218
Męcka Wola,7277,005102228
Mędrzechów,3172,005101027
Miały,7278,005102234
Miasteczko Krajeńskie,8223,005102266
Miasteczko Śląskie,4338,005104536
Miastko,8224,005102239
Miączyn,2150,005102344
Miąsowa,2151,005102344
Michalczew,2152,005102236
Michalin,1270,005102241
Michałów Reginów,1272,005102203
Miechów,3173,005100218
Miechucino,5379,005100218
Miedary,4214,005102208
Miedwiecko,8225,005102208
Miedźno,4215,005102208
Mieleszyn,7280,005103932
Mienia,1273,005102242
Mierzęcin Strzelecki,8229,005102226
Mieszaki,1274,005100327
Mieszkowice,8230,005102220
Mieszków,7281,005102385
Mietków,6267,005102353
Międzyborów,1275,005102205
Międzybórz Sycowski,7283,005102213
Międzylesie,122,005100225
Międzyrzec Podlaski,125,005102249
Międzyrzecz,7286,005102229
Międzyzdroje,124,005100252
Miękinia,6268,005102265
Mika,1276,005102262
Mikołajki,123,005102283
Mikołajki Pomorskie,5380,005102283
Mikołajów,1277,005104134
Mikołów,4217,005102244
Mikołów Jamna,4218,005102259
Mikułowa,6269,005102272
Milanówek,1279,005102298
Milcz,7287,005102245
Milcza,3176,005102196
Milejów,1282,005102243
Milicz,6270,005102258
Milik,3177,005102256
Milówka,4219,005102364
Milówka Zabawa,4403,005104494
Miłkowice,6271,005102263
Miłków,6272,005102263
Miłobądz,5381,005102277
Miłocin Lubelski,2153,005102285
Miłogoszcz,8231,005102288
Miłosław,7288,005102342
Minkowice,2154,005102247
Minkowice Oławskie,6273,005102301
Mińsk Mazowiecki,429,005102293
Misie,1283,005102252
Mleczewo,5385,005102279
Mława,422,005100219
Mława Miasto,5387,005102292
Młodów,3179,005102287
Młynary,5388,005102291
Młyńsko,6275,005102284
Modlin,1284,005102206
Modła,6276,005102311
Mogilno,126,005100220
Mokra,1285,005102303
Mokra Wieś,1286,005102319
Mokre Małopolskie,3180,005102312
Mokrz,7290,005102310
Mokrzyca,8234,005102320
Mokrzyca Wielka,8235,005102274
Montowo,5392,005102313
Mońki,1287,005102308
Morąg,127,005100310
Morąg Kolonia,5394,005102231
Mordy,1288,005102209
Mordy Miasto,1289,005102374
Morochów,3181,005102307
Morzeszczyn,5396,005102384
Morzyca,8236,005102390
Mosina,7291,005102343
Mosina Pożegowo,7292,005102343
Moskale,2155,005102264
Mostki,7293,005102317
Mostówka,1291,005102354
Mosty,8238,005102350
Moszczenica,1292,005102383
Moszczenica Pomorska,5397,005102388
Mościsko Dzierżoniowskie,6280,005102197
Motycz,2156,005102318
Motycz Leśny,2157,005102355
Mrągowo,432,005101306
Mrozów,6282,005102335
Mrozy,1293,005100174
Mrzezino,5399,005102324
Mszalnica,3183,005102349
Mścice,8240,005102340
Munina,3186,005102356
Murowana Goślina,7296,005102357
Muszyna,128,005100041
Muszyna Zdrój,3188,005102362
Mykanów,4221,005102372
Mysłakowice,6284,005102367
Mysłakowice Orzeł,6285,005102367
Mysłaków,1295,005102367
Mysłowice,4222,005100175
Mysłowice Brzezinka,4223,005102194
Mysłowice Brzęczk,4224,005103013
Mysłowice Kosztowy,714,005101800
Myszków,4228,005102341
Myszków Mrzygłód,4229,005102325
Myszków Nowa Wieś,4230,005102302
Myszków Światowit,4231,005102379
Myślice,5401,005102375
Myśliczyn,6286,005102375
Myślina Lubliniecka,6287,005100237
Najmowo,5403,005102394
Nakło n/Notecią,512,005100254
Nakło Śląskie,4232,005102453
Nałęczów,130,005100176
Namysłów,6289,005100177
Namyślin,8244,005102396
Narzym,5405,005102403
Nasielsk,131,005100178
Naterki,5406,005102400
Nawra,5408,005102504
Nekla,7299,005102411
Nędza,4233,005102415
Nędza Wieś,4234,005102429
Nicwałd,5410,005102435
Nidzica,418,005100248
Niedoradz,7301,005102412
Niedrzwica,2161,005102433
Niedrzwica Kościelna,2162,005102454
Niedźwiada Łowicka,1297,005102420
Niedźwiedź,3190,005102416
Niegocin,1298,005102430
Niekłonice,8245,005102441
Niekłończyca Uniemyśl,8246,005102441
Nielep,8247,005102472
Niemojki,1299,005102423
Nieporęt,1300,005102446
Nieszawa Waganiec,5413,005102417
Nietkowice,7306,005102487
Nietków,7307,005102487
Niewodnica,1301,005102428
Nisko,2163,005102447
Nisko Osiedle,2164,005102445
Nisko Podwolina,2165,005102440
Nisko Racławice,2166,005102475
Niziny,3193,005102451
Nosówko,8248,005102469
Nowa Dęba,2167,005102407
Nowa Grobla,3194,005102462
Nowa Iwiczna,1303,005102463
Nowa Ruda,132,005100179
Nowa Ruda Przedmieście,6296,005102476
Nowa Sarzyna,3195,005102484
Nowa Sarzyna Kolonia,3196,005102481
Nowa Sól,133,005100043
Nowa Wieś Cierpkie,5415,005102493
Nowa Wieś Ełcka,1304,005102495
Nowa Wieś Legnicka,6299,005102499
Nowa Wieś Lęborska,5416,005102457
Nowa Wieś Wielka,5418,005102497
Nowawieś Mochy,7310,005102500
Nowe Dębe Wielkie,1574,005104584
Nowe Drezdenko,8253,005102461
Nowe Kutnowskie,1307,005102470
Nowe Objezierze,8254,005102482
Nowe Skalmierzyce,7313,005102482
Nowiny,2168,005102507
Nowiny Wielkie,8256,005100297
Nowogard,8257,005100180
Nowogród Bobrzański,7314,005102459
Nowogród Osiedle,7315,005102494
Nowosielce,3197,005102479
Nowy Bieruń,4236,005103796
Nowy Dwór Mazowiecki,1309,005102409
Nowy Las,6303,005102456
Nowy Łupków,3198,005102511
Nowy Młyn,5425,005102458
Nowy Nurzec,1310,005102512
Nowy Sącz,134,005100042
Nowy Sącz Biegonice,3199,005102477
Nowy Sącz Jamnica,3201,005102480
Nowy Solec,7316,005102513
Nowy Świętów,6304,005102486
Nowy Targ,135,005100181
Nowy Tomyśl,7317,005102514
Nowy Widzim,7318,005102491
Nowy Zagórz,3203,005102515
Nurzec,1311,005102490
Nysa,136,005100044
Obora Wielkopolska,7319,005402213
Oborniki Śląskie,6305,005100182
Oborniki Wielkopolskie Miasto,7321,005102646
Oborzyska Stare,7322,005102523
Obra Stara,7323,005102524
Obrowo,5430,005102522
Ociąż,7325,005102527
Odolanów,7327,005102538
Odolion,5433,005102538
Ognica,8260,005102540
Ograszka,5435,005102544
Ogrodniki,1313,005102541
Okmiany,6306,005102554
Okonek,8261,005102556
Okrąglica,6308,005102557
Okrzeja,1315,005102559
Olecko,414,005100184
Olecko Małe,1316,005102568
Olesno Śląskie,137,005100185
Oleszyce,3206,005102574
Oleśnica,138,005100080
Oleśnica Rataje,6311,005100245
Olkusz,139,005102573
Olpuch,5437,005102562
Olpuch Wdzydze,5438,005102562
Olszanica,3207,005102569
Olszanka,6312,005102569
Olsztyn Główny,140,005100045
Olsztyn Zachodni,5442,005102650
Olsztynek,5440,005102656
Olszyna Lubańska,6313,005102567
Olszyny,5443,005102649
Olza,4237,005102575
Oława,6314,005102560
Opalenica,7330,005102591
Opatówek,7331,005102595
Opoczno,2171,005102592
Opole Główne,141,005100046
Opole Gosławice,6316,005102589
Opole Groszowice,6317,005102588
Opole Grotowice,6318,005102545
Opole Wschodnie,6319,005102587
Opole Zachodnie,6320,005102597
Orneta,5446,005102605
Orzechowo,7333,005102610
Orzesze,4239,005102600
Orzesze Jaśkowice,715,005102601
Orzeszkowo,1321,005102602
Orzeszków,6321,005102608
Osetnica,6322,005102616
Osie,5447,005102611
Osielec,3208,005102548
Osina,8264,005102622
Osława Dąbrowa,8265,005102612
Osławica,3209,005102612
Osola,6324,005102623
Osowa Góra,7334,005100661
Osowiec,1324,005102584
Osowiec Przystanek,6325,005102593
Ossów,1325,005102639
Ostaszewo Toruńskie,5450,005102626
Ostrołęka,142,005102624
Ostromecko,5451,005102578
Ostrowie Biebrzańskie,1326,005102613
Ostrowiec Świętokrzyski,143,005102647
Ostrowiecko,3210,005102641
Ostrowite k/Golubia,5452,005102549
Ostrowite k/Jabłonowa,5453,005102549
Ostrowy,1327,005102585
Ostróda,144,005100216
Ostrów Wielkopolski Gorzyce,7336,005102645
Ostrówek Węgrowski,1328,005102642
Ostrówki k/Chodzieży,7337,005102529
Ostrzeszów,7338,005100223
Ośno Lubuskie,7340,005102581
Oświęcim,146,005100048
Otłoczyn,5455,005102632
Otmuchów Jezioro,6328,005101513
Otoczna,7341,005102634
Otok,5456,005102631
Otusz,7342,005102636
Otwock,147,005102637
Owińska,7344,005102643
Ozimek,6329,005102652
Ozorków,1333,005102654
Ożarów Mazowiecki,1334,005102577
Pabianice,148,005100188
Pacholęta,8266,005102665
Paczkowo,7345,005102660
Paczków,6330,005102660
Paczyna,4243,005102658
Pakosławice,6331,005102783
Palędzie,7347,005102796
Pamiątkowo,7348,005102670
Panki,4245,005102671
Panowice,7351,005102840
Papowo Toruńskie,5459,005102874
Parkowo,7352,005102791
Parlin,5462,005102680
Parłówko,8267,005102966
Parysów,1338,008796001
Pasieki,1339,005102666
Pasłęk,149,005100311
Pasym,5464,005102908
Patków,1340,005102676
Pawłowice,7354,005102679
Pawłówek,5466,005102975
Pawonków,4249,005102969
Pątnów,7356,005102677
Pątnów Elektrownia,7357,005102677
Pątnów Wieluński,7358,005102677
Pelplin,5468,005102724
Pełkinie,3211,005102722
Perkowice,1341,005102720
Perkowo,7359,005102729
Perzów,7360,005104268
Pęckowo,7361,005102718
Pęgów,6338,005102721
Pępowo,7362,005102728
Pępowo Kartuskie,5470,005102723
Pęzino,8269,005102735
Piasecznica,1342,005102903
Piaseczno,430,005102694
Piasek,4253,005102752
Piastoszyn,5471,005102915
Piastów,1343,005102772
Piechowice,6339,005102759
Piechowice Dolne,6340,005102755
Pieczyska,7364,005102774
Piekiełko,3212,001000077
Piekoszów,2177,005102790
Pieniężno,5473,005102842
Pieńki Dubidzkie,4255,005102719
Pieńsk,6343,005102756
Pierściec,4256,005102689
Pierzchno,7365,005102997
Pierzyska,7366,005102717
Piesienice,5475,005102730
Pietrzykowice Żywieckie,4258,005102927
Pikus,5477,005102762
Pilawa,150,005100189
Pilchowice Nielestno,6345,005102749
Pilchowice Zapora,6346,005102751
Pilchów,2178,005102761
Piła Główna,151,005100049
Piła Kalina,8271,005102779
Piła Podlasie,8273,005102872
Piława Dolna,6348,005102743
Piława Górna,6349,005102743
Pinczyn,5479,005102765
Pińsko Wielkopolskie,5480,005102057
Pionki,2179,005102766
Pionki Zachodnie,152,005102775
Piotrków Kujawski,5481,005102768
Piotrków Trybunalski,153,005100190
Pisz,436,005100191
Piwniczna,3215,005102773
Piwniczna Zdrój,3216,005102976
Platerów,1344,005102924
Pleszew,155,005100192
Pliszka,7369,005102801
Pludry,4259,005102812
Pławna,3218,005102808
Płochocin,1345,005102800
Płociczno k/Suwałk,1346,005102810
Płock,156,005102795
Płock Radziwie,280,005102809
Płock Trzepowo,1347,005102811
Płonka,1348,005102803
Płońsk,1349,005102803
Płoty,8276,005100193
Płyćwia,1350,005102816
Płytnica,8277,005102980
Pniewy Szamotulskie,7370,005100143
Pobiedziska,7371,005102845
Pobiedziska Letnisko,7372,005102685
Podbiele,1351,005102847
Podborsko,8279,005102699
Podbory Skawińskie,3220,005102711
Podbór,2180,005102710
Poddębice,5485,005102848
Podlasek,1356,005102702
Podlesie,4260,005102704
Podlesiec,8282,005102700
Podłęże,3222,005102715
Podolany,3361,005102714
Podstolice,7373,005102712
Podwierzbie,1358,005102960
Podzamcze,2314,005104477
Pogorzel Warszawska,1360,005102746
Pogorzel Wielka,1361,005102741
Pogorzelice,8283,005102742
Pogwizdów,4262,005102740
Pokrzywnica,6358,005102854
Polanica Zdrój,157,005100050
Polichna Kraśnicka,2181,005102748
Policzna,1363,005102863
Połaniec,2182,005100050
Pomiechówek,1364,005102819
Ponętów,5491,005102929
Poniec,7379,005102857
Popielów,6362,005102871
Popowo Skwierzyńskie,7382,005102873
Poraj,4263,005102860
Porażyn,7383,005102826
Poronin,3225,005102891
Porosiuki,1569,005104424
Potęgowo,8290,005102925
Potok,2183,005102862
Potok Kraśnicki,2184,005102789
Powałki,5492,005102865
Powroźnik,3226,005102972
Poznań Antoninek,7385,005102827
Poznań Dębiec,7386,005102830
Poznań Dębina,7387,005102828
Poznań Garbary,7389,005102737
Poznań Główny,159,005100081
Poznań Górczyn,7390,005102738
Poznań Junikowo,7391,005102853
Poznań Karolin,7392,005102838
Poznań Krzesiny,7394,005102841
Poznań Starołęka,513,005100226
Poznań Strzeszyn,7397,005102914
Poznań Wola,7398,005102835
Poznań Wschód,514,005102867
Pożóg,2185,005102858
Półwieś,3227,005102965
Prabuty,160,005100194
Prabuty Góry,1366,005102684
Prądocin,5495,005100234
Proboszczewice Płock,1368,005102890
Promno,7401,005102823
Prostki,1369,005102889
Prostynia,8291,005102926
Prostyń,1370,005102888
Pruchna,4265,005102948
Prudnik,161,005100051
Pruszcz Gdański,515,005102942
Pruszcz Pomorski,5501,005102950
Pruszków,431,005100330
Przeciszów,3228,005102993
Przecza,6366,005102696
Przedmoście Święte,6367,005102707
Przemysław,8295,005100741
Przemyśl Główny,162,005100234
Przemyśl Zasanie,3232,005102825
Przeradz,8296,005103005
Przetycz,1372,005103007
Przeworsk,163,005100195
Przybówka,3233,005102992
Przybyłowice,6373,005102982
Przygodzice,7407,005102996
Przykopka,1373,005102899
Przylep,7408,005102886
Przyłęk Duży,1374,005102878
Przyłubie,5503,005102895
Przysieczyn,7409,005103006
Przysieka Stara,7410,005102978
Przysucha,164,005103008
Przytkowice,3235,005103000
Przytocko,8298,005103004
Przytoczna,7411,005103004
Przywory Opolskie,6374,005102985
Pszczółki,516,005102921
Pszczyna,165,005102920
Pszczyna Czarków,4404,005104497
Ptaszkowa,3236,005102922
Ptaszkowo Wielkopolskie,7413,005102931
Ptusza,8299,005102932
Puck,5507,005102936
Pułankowice,2187,005102945
Puławy,2188,005102946
Puławy Chemia,2190,005102943
Puławy Miasto,166,005102947
Puszczykowo,7414,005102955
Puszczykówko,7415,005102949
Pyrzyce,8300,005104174
Pyskowice,716,005102987
Pyskowice Miasto,4269,005102987
Pyzówka,3239,005102989
Raba Niżna,3240,005103015
Raba Wyżna,3241,005103015
Rabka Zaryte,3242,005103045
Rabka Zdrój,3243,005103045
Racewo,1377,005103017
Raciąż,1378,005103051
Raciborów Kutnowski,1379,005103032
Racibory,1380,005103048
Racibórz,167,005100263
Racibórz Markowice,4270,005103053
Racławice Śląskie,168,005100201
Racławki,5511,005103052
Radkowice,2192,005103060
Radliczyce,7418,005103025
Radlin Obszary,4375,005103971
Radnica,7420,005103063
Radom,169,005100052
Radom Południowy,2193,005103065
Radom Potkanów,2194,005103062
Radomsko,170,005100088
Radomyśl,1382,005103028
Radostowice,4272,005101535
Radów,8301,005103067
Raduń,5514,005103027
Radymno,3245,005103068
Radzice,2196,005103059
Radziechowy Wieprz,4273,005103021
Radzionków,4057,005100657
Radzionków Rojca,4058,005100650
Radziszów,3246,005103057
Radziwiłłów Mazowiecki,1383,005103026
Radzymin,1384,005103217
Radzyń Podlaski,1385,005100539
Rajcza,4274,005103104
Rajcza Centrum,4407,005104519
Rajec Poduchowny,2197,005103106
Rajsk,1386,005103023
Rakoniewice,7424,005103127
Rakoniewice Milickie,6381,005103129
Rakowice,5518,005103024
Raszowa,4275,005103031
Raszujka,1387,005103031
Rawicz,171,005100202
Rąbino,8303,005103046
Reblino,8304,005103072
Recław,8305,005103073
Recz Pomorski,8306,005103091
Reda,172,005103070
Reda Pieleszewo,5520,005103075
Reda Rekowo,5522,005103080
Redaki,5521,005103071
Redło,8307,005101126
Regny,1388,008704349
Rejowiec,173,005103079
Reptowo,8308,005103084
Rębiechowo,5525,005103077
Rębiszów,6385,005103044
Rębusz,8310,005103047
Rogale,1390,005103137
Rogalice,6386,005103137
Rogiedle,5526,005103093
Rogoźnica,6387,005103094
Rogożew,1392,005103099
Rogów,1393,005103098
Rogów Sobócki,6388,005103098
Rogóźno Pomorskie,5528,005103096
Rokiciny,1394,005103144
Rokiciny Podhalańskie,3251,005103149
Rokietnica,7428,005103116
Rokita,8311,005103110
Rokitki,6389,005103142
Rokitki Tczewskie,5529,005103152
Rokitnia Stara,2198,005103115
Ropczyce,3252,005103157
Ropczyce Witkowice,3330,005104170
Rosochatka,5530,005103148
Rostarzewo,7431,005103167
Roszkowo Wągrowiec,7432,005103200
Roszków Raciborski,4276,005103150
Rozedranka,1396,005103138
Rozłazino,5531,005200680
Rozprza,1397,005103160
Roztoki Bystrzyckie,6392,005103170
Rożki,2199,005103234
Rożniaty,5533,005103130
Rożnowo,7433,005103130
Róg,8314,005104263
Rów,8315,002200154
Różanystok,1398,005103036
Różańsko,8316,005103036
Różyny,5534,005103133
Ruchocice,7434,005103180
Ruciane Nida,435,005100204
Ruciane Nida Zachód,1399,005103134
Ruda,1400,005103175
Ruda Chebzie,4278,005103058
Ruda Kochłowice,4280,005103680
Ruda Śląska,4282,005103162
Ruda Talubska,1401,005103192
Ruda Wielka,2202,005103201
Rudawa,3253,005103176
Rudna Gwizdanów,176,005100206
Rudna Miasto,6393,005103121
Rudna Wielka,3254,005103199
Rudnik n/Sanem,2203,005103112
Rudnik Stróża,2205,005103128
Rudniki k/Częstochowy,4286,005103109
Rudyszwald,4287,005103222
Rudzienice Suskie,5536,005103193
Rudziniec Gliwicki,4288,005103181
Rumia,5538,005103186
Rumia Janowo,5539,005103103
Runowo Pomorskie,174,005100207
Rurka,8319,005103190
Rusiec,7436,005103119
Rusiec Łódzki,5541,005103119
Rusinowice,4289,005103166
Rusinowo,8320,005103166
Ruskie Piaski,2206,005103158
Ruszów,6394,005103196
Rutkowice,5542,005103172
Rutwica,8321,005103171
Rybienko,1402,005103042
Rybnica,6395,005103213
Rybnik,175,005100262
Rybnik Gotartowice,4290,005103043
Rybnik Niedobczyce,4291,005103039
Rybnik Niewiadom,4292,005103041
Rybnik Paruszowiec,4293,005103224
Rybnik Piaski,4294,005103156
Rybnik Rymer,4295,005103161
Rybnik Towarowy,4296,005103169
Rybno Pomorskie,5544,005103159
Rycerka,4297,005103206
Rychnowo Wielkie,5545,005103050
Ryczów,3255,005103208
Rydułtowy,4298,005103968
Rydzyna,7439,005103209
Ryjewo,5546,005103214
Ryki,2207,005103215
Rykoszyn,2208,005103118
Rynarcice,6396,005402734
Rynarzewo,5547,005402734
Rynkowo,5548,005103225
Rynkowo Wiadukt,5549,005103126
Rypin,5550,008602056
Rytel,5551,005103210
Rytel Wieś,5552,005103223
Rytro,3256,005103221
Rząsawa,4299,005103229
Rzeczyca,2209,005103230
Rzeczyca Kolonia,2210,005103235
Rzeczyce Śląskie,4300,005103243
Rzepedź,3258,005103239
Rzepin,177,005100082
Rzerzęczyce,4301,005103240
Rzeszów Osiedle,3259,005103242
Rzeszów Staroniwa,3260,005103241
Rzezawa,3261,005103244
Rzęśnica,8323,005103164
Rzozów,3263,005103238
Sabinka,1403,005103247
Sadlinki,5553,005103254
Sadowice Wrocławskie,6398,005103248
Sadowne Węgrowskie,1404,005103267
Sadurki,2211,005103256
Samborowo,5554,005103258
Samostrzel,5556,005103270
Sandomierz,179,005103500
Sanok,180,005100312
Sanok Dąbrówka,3264,005103259
Sanok Miasto,3265,005103510
Santok,8324,005103515
Sarbiewo,8325,005103573
Sarnaki,1405,005103246
Sarnów,1406,005103262
Sątopy,7443,005103264
Sątopy Samulewo,5557,005103263
Serock,5558,005103351
Seroki,1407,005103347
Sędzice,7444,005103337
Sędzisław,6402,005103361
Sędziszów,2212,005100208
Sędziszów Małopolski,3266,005103349
Sidra,1408,005103398
Siechnice,6404,005103403
Siedlce,182,005100053
Siedlce Łaskie,5560,005103326
Siedlęcin,6406,005103341
Siedliska,1409,005103395
Siedliska k/Tuchowa,3267,005103325
Siedliska Tomaszowskie,3268,005103333
Siedlisko Czarnkowskie,8327,005103319
Siemiatycze,1411,005103355
Sieniawa,3269,005103518
Sieniawa Żarska,7446,005103420
Siepietnica,3270,005103116
Sieradz,183,005100054
Sieradz Męka,7447,005103336
Sieradz Warta,7448,005103358
Sierakowice,5561,005103413
Sierakowice Skierniewickie,1412,005103413
Sierakówek,1413,005103444
Sierpc,184,005103410
Sierpów,1414,005103412
Silno,5562,005103406
Silnowo,8330,005103416
Sitkówka Nowiny,2213,005103520
Sitno,1415,005103414
Skalmierz,7450,005103434
Skandawa,411,008602175
Skarżysko Kamienna,185,005100209
Skarżysko Kościelne,2215,005103595
Skarżysko Zachodnie,2217,005103594
Skawa,3271,005103426
Skawa Środkowa,3272,005103441
Skawce,3273,005103428
Skawina,3274,005100130
Skawina Zachodnia,3275,005103402
Skępe,5566,005103430
Skibno,8332,005103396
Skierniewice,186,005100294
Skierniewice Rawka,1416,005103587
Sklęczki,1417,005103435
Skoczów,4305,005103315
Skoczów Bładnice,4306,005103427
Skoki,518,005103437
Skokowa,6408,005103439
Skoroszyce,6409,005103588
Skorzewo,5567,005103445
Skowarcz,5568,005103696
Skórka,8333,005103431
Skrzatusz,8334,005103442
Skrzynki,1419,005103440
Skrzynno,2219,005103724
Skwierzyna,519,005103432
Sławięcice,4307,005103301
Sławki,5570,005103449
Sławków,4308,005103470
Sławno,187,005100131
Słobity,5571,005103450
Słomianka,2220,005103471
Słomniki,3278,005103461
Słomniki Miasto,3279,005103465
Słonice,8335,005103463
Słonowice,8336,005103501
Słosinko,8338,005103467
Słotwiny,1420,005103468
Słowienkowo,8339,005103454
Słowik Przystanek,2221,005103472
Słupca,7457,005103469
Słupia,7458,005103464
Słupsk,188,005100055
Smardy,6411,005103474
Smardzew,1421,005103476
Smardzów Wrocławski,6412,005103493
Smętowo,520,005103477
Smogory,7459,005103479
Smogorzów Przysuski,2222,005103487
Smolec,6413,005103483
Smolniki,5574,005103485
Smroków,3280,005103489
Sobków,2224,005103279
Sobolew,1422,005103522
Sobótka,6414,005402884
Sobótka Zachodnia,6415,005100067
Sobów,2225,005103289
Sochaczew,701,005103525
Sokoliniec,8343,005103528
Sokołowo Budzyńskie,7463,005103288
Sokółka,189,005100132
Sokule,1426,005103542
Solec Kujawski,5576,005103527
Solniki Wielkie,6416,005103507
Sołtyków,2226,005104139
Somonino,5577,005103534
Sopot,190,005100056
Sopot Kamienny Potok,5578,005103557
Sopot Wyścigi,5579,005103537
Sorkwity,5580,005501198
Sosnowe,1427,005103540
Sosnowiec Dańdówka,4310,005103320
Sosnowiec Główny,191,005100133
Sosnowiec Jęzor,4311,005103532
Sosnowiec Kazimierz,4312,005103608
Sosnowiec Porąbka,4316,005103616
Sośnica Jarosławska,3281,005103604
Sośnie Ostrowskie,7465,005103536
Sowczyce,4318,005103547
Sowin,6417,005103544
Sól,4319,005103533
Sól Kiczora,4320,005103293
Spławie,7466,005103556
Spychowo,5582,005103565
Spytkowice,717,005103562
Spytkowice Kępki,3282,005103555
Stalowa Wola,192,005100313
Stalowa Wola Centrum,2227,005103265
Stalowa Wola Rozwadów,193,005100314
Staniątki,3283,005103627
Stanisławice,3284,005103514
Staniszcze Małe,6419,005103521
Staniszcze Wielkie,6420,005103521
Stanowice,6421,005103362
Stara Kamienica,6422,005103390
Stara Łubianka,8348,005103590
Stara Wieś,1428,005103591
Starachowice,281,005103626
Starachowice Michałów,2229,005103577
Starachowice Wschód,2230,005103253
Starczów,6424,005103643
Stare Bielice,8349,005100135
Stare Bojanowo,7469,005103278
Stare Guty,1430,005103389
Stare Jabłonki,5585,005100169
Stare Juchy,1431,005103628
Stare Kurowo,8351,005103443
Stare Pole,5586,005103586
Stargard Szczeciński,198,005100198
Stargard Szczeciński Kluczewo,8353,005100198
Stargard Szczeciński Osiedle,8354,005100198
Starkowo,7472,005103593
Starogard Gdański,5588,005103381
Starogard Łobeski,8355,005103381
Staropole Częstochwskie,4323,005103549
Stary Borek,8356,005103271
Stary Grodków,6426,005103388
Stary Jawor,6427,005103579
Stary Kisielin,7473,005103720
Stary Klukom,8358,005103728
Stary Sącz,194,005103727
Stary Węgliniec,6428,005103716
Stasin Polny,2234,005103596
Staw Kunowski,2236,005103261
Stawiany,7474,005103379
Stawiany Pińczowskie,2237,005103261
Stawiguda,5589,005103379
Stawno,8360,005103678
Stawy,2238,005103693
Stefanowo,7475,005103624
Stegny,5590,005103625
Steknica,5591,005103623
Sterkowiec,3285,005103567
Sterławki Małe,1432,005103456
Sterławki Wielkie,1433,005103342
Stęszew,7477,005103636
Stobno,8361,005103633
Stogi Malborskie,5593,005103382
Stok Lacki,1435,005103458
Strabla,1437,005103272
Stramnica,8362,005103631
Strażów,3286,005103635
Strączno,8363,005103305
Stronie,3287,005100136
Stronno,5596,005103632
Stróże,195,005100139
Strykowo Poznańskie,7482,005103561
Stryków,1439,005103729
Stryszawa,3288,005103726
Stryszów,3289,005103726
Strzałkowo,7483,005103748
Strzebielewo Pyrzyckie,8364,005103283
Strzebielino Morskie,5598,005103280
Strzebiń,4325,005103359
Strzegom,6432,005103386
Strzegomek,2241,005103386
Strzelce Krajeńskie Wschodnie,8365,005100137
Strzelce Kujawskie,1440,005103346
Strzelce Opolskie,718,005100138
Strzelin,6436,005100076
Strzelinko,8367,005103400
Strzyżów n/Wisłokiem,3290,005103733
Strzyżyna,2242,005103255
Strzyżyno Słupskie,8368,005103614
Studzianka,6561,005103638
Studzianki Nowe,1441,005103666
Stulno,2243,002200979
Stupsk Mazowiecki,5602,005103651
Styków Iłżecki,2244,005103418
Subkowy,5603,005103646
Sucha Beskidzka,3291,005100140
Sucha Żyrardowska,1442,005103713
Suchatówka,5605,005103664
Suchedniów,2245,005103648
Suchowolce,1443,005103652
Suchy Bór Opolski,6437,005103669
Sulechów,196,005103656
Sulejówek,1444,005103654
Sulejówek Miłosna,1445,005103424
Sulęcin,7486,005103658
Sulęcinek,7487,005103672
Sulino,8371,005103653
Suliszewo Choszczeńskie,8372,005103599
Suliszewo Drawskie,8373,005103599
Sulów,2247,005103659
Sułkowice,2248,005103691
Sumina,4326,005103657
Sumina Wieś,4327,005103490
Surochów,3292,005103662
Susiec,2249,005103649
Susk,1446,005103644
Susz,5606,005103663
Suszec,4328,005103617
Suszec Kopalnia,4329,005103307
Suszec Rudziczka,4330,005103568
Suszka,6440,005103597
Suwałki,197,005100141
Swarożyn,5607,005103673
Swarzewo,5608,005103692
Swarzędz,521,005103688
Swędów,1447,005103677
Swobodna,5609,005103686
Sycewice,8374,005103295
Sycze,1448,005103712
Szachy,1449,005103734
Szadek,5611,005103322
Szadkowice,2250,005103329
Szaflary,3293,005103737
Szaflary Wieś,3294,005103369
Szalowa,3295,005501221
Szamotuły,199,005100143
Szaniawy,1450,005103364
Szarów,3296,005103375
Szastarka,2252,005103613
Szczaniec,7490,005103377
Szczawne Kulaszne,3297,005103516
Szczebrzeszyn,2253,005103294
Szczecin Dąbie,200,005100144
Szczecin Dąbie Osiedle,8376,005100144
Szczecin Główny,201,005100057
Szczecin Gumieńce,8381,005100145
Szczecin Podjuchy,8385,005100146
Szczecin Port Centralny,8388,005103360
Szczecin Załom,8391,005103508
Szczecin Zdroje,8392,005103404
Szczecin Zdunowo,8393,005103411
Szczecinek,206,005100239
Szczecinek Chyże,8375,005103519
Szczedrzykowice,6443,005103335
Szczejkowice,4332,005103741
Szczepankowo,7491,005103366
Szczepanowice,3298,005103366
Szczepanów,6445,005103366
Szczepki,1451,005103736
Szczytna,6446,005103717
Szczytno,207,005100147
Szebnie,3300,005103735
Szepietowo,208,005100148
Szeroki Bór,1453,005103697
Szewce,6448,005103706
Szewnica,1454,005103517
Szlachta,522,005103739
Szpęgawsk,5616,005103552
Szreniawa,7497,005103745
Szropy,5618,005103745
Sztum,5619,005103704
Sztumska Wieś,5620,005103615
Szybowice,6452,005103274
Szydłowiec,2258,005103698
Szydłowo Krajeńskie,8395,005103324
Szydłów,6455,005103715
Szymankowo,5623,005103492
Szymany,5624,005103492
Szymbory,1457,005103711
Szymiszów,6456,005103750
Szymocice,4334,005103478
Ścinawa,210,005100199
Ścinawka Średnia,6458,005103502
Ślesin,5625,005103453
Śliwice,5626,005103457
Śliwiczki,5627,005103570
Środa Śląska,6459,005103571
Śródborów,1458,005103584
Świba,7501,005103674
Świder,1459,005103676
Świdnica Kraszowice,6460,005103327
Świdnica Miasto,213,005103327
Świdnik Miasto,214,005103684
Świdnik Wschód,2260,005103685
Świdwin,8398,005100142
Świebodzice,6462,005103275
Świebodzice Ciernie,6463,005103275
Świebodzin,215,005103284
Świekatowo,5631,005103367
Świercze,5633,005103425
Świerki Dolne,6464,005103334
Święta Katarzyna,6466,005103699
Świętajno,5634,005103690
Świętochłowice,4335,005103680
Świlcza,3301,005103683
Świnoujście,217,005100059
Świnoujście Odra,8401,005103682
Świnoujście Port,8465,005103505
Świnoujście Przytór,8402,005103511
Taciszów,4336,005103758
Taczanów,7503,005103773
Tarchały Wielkie,7504,005103761
Targowiska,218,005103760
Tarnawa Dolna,3302,005103775
Tarnobrzeg,2263,005103757
Tarnowiec,3303,005103766
Tarnowiec Brzeski,6468,005100328
Tarnowo Rogozińskie,7505,005103762
Tarnowskie Góry,219,005100074
Tarnowskie Góry Strzybnica,4337,005100074
Tarnów,220,005100230
Tarnów Mościce,3304,005103794
Tarnów Opolski,6469,005103767
Tarzymiechy,2264,005103772
Tczew,221,005100061
Templewo,7506,005103779
Teodorów,2265,005300289
Teresin-Niepokalanów,1456,005103722
Terespol,222,005100084
Terespol Pomorski,523,005103781
Tereszpol Biłgorajski,2266,005100438
Tleń,5641,005103788
Tłoki,7507,005103789
Tłustomosty,6470,005103787
Tłuszcz,224,005103787
Tolkmicko,5644,002001506
Tolkniki Wielkie,5645,005103507
Tołkiny,5646,005103797
Tomaszów Bolesławiecki,6471,005103799
Tomaszów Mazowiecki,225,005100331
Tomaszów Mazowiecki Białobrzegi,2267,005100331
Topola Osiedle,7508,005103806
Toporów,7509,005103807
Topór,1462,005103817
Toruń Czerniewice,5647,005103800
Toruń Główny,226,005100062
Toruń Kluczyki,5649,005103811
Toruń Miasto,5650,005103810
Toruń Wschodni,227,005103812
Torzym,7510,005103808
Toszek,4339,005103809
Trakiszki,415,005100301
Trawniki,2268,005103837
Trąbki,8406,005103818
Troszyn,8407,005103831
Truskolas,8408,002200531
Tryńcza,3306,005103838
Trypucie,1464,005103832
Trzciana,3307,005103821
Trzcianka,8409,005100149
Trzciniec,5654,005100332
Trzcińsko,6473,005103839
Trzcińsko Zdrój,8410,005103839
Trzebaw Rosnówko,7512,005103833
Trzebiatów,8411,005100150
Trzebieńczyce,3308,005101674
Trzebież Szczeciński,8412,005100198
Trzebinia,228,005100072
Trzebiszewo,7516,005103891
Trzemeszno,5655,005103888
Trzemeszno Lubuskie,7518,005103830
Tuchola,5656,005103842
Tuchorza,7519,005103853
Tuchów,3309,005103846
Tuczki,5657,005103860
Tuczno Krajeńskie,8414,005103786
Tułowice Niemodlińskie,6477,005103795
Tuły,6478,005103850
Tumlin,2269,005103851
Tunel,2270,005100151
Tuplice,229,005100242
Tuplice Dębinka,7520,005103854
Turbia,2271,005103843
Turoszów,6479,005101774
Turowo Pomorskie,8415,005103816
Turów,4341,005103855
Turza Śląska,4342,005103845
Turza Wielka,5658,005103845
Turzno,5659,005103841
Turzno Kujawskie,5660,005103852
Turzynów,1466,005103859
Twarda Góra,5661,005103862
Twardawa,6481,005103864
Twardogóra Sycowska,6482,005103867
Tworków,4343,005103866
Tychowo,8416,005103870
Tychy,230,005100260
Tychy Miasto,231,005103880
Tychy Zachodnie,4354,005103882
Tychy Żwaków,4355,005103869
Tymień,8417,005103876
Ubocze,6483,005103894
Uherce,3312,005603342
Uhowo,1468,005103918
Ulikowo,8420,005103903
Unieszewo,5664,005103909
Urle,1469,005103897
Ustanówek,1470,005103915
Ustka,232,005100063
Ustronie Morskie,283,005100152
Ustroń,4356,005103916
Ustroń Polana,4357,005103914
Ustroń Zdrój,4359,005103919
Wadowice,3316,005103924
Walawa,3317,005103921
Wałbrzych Fabryczny,6486,005103926
Wałbrzych Główny,241,005100064
Wałbrzych Miasto,6487,005100210
Wałbrzych Szczawienko,6488,005104151
Wałcz,8423,005103967
Wałcz Raduń,8424,005103963
Wałdowo Szlacheckie,5666,005104067
Wałki,3318,005104047
Waplewo,5668,005103935
Wargowo,7524,005104002
Warka,2275,005103937
Warkocz,6489,005104052
Warlubie,5670,005104179
Warnice Dębica,8426,005100228
Warnowo,8427,005104089
Warszawa Anin,1473,005104146
Warszawa Centralna,242,005100065
Warszawa Choszczówka,1474,005103923
Warszawa Dawidy,1475,005103952
Warszawa Falenica,1476,005103998
Warszawa Gdańska,243,005100172
Warszawa Gocławek,1478,005103920
Warszawa Gołąbki,1479,005103925
Warszawa Jeziorki,1482,005104032
Warszawa Kasprzaka,1483,005104156
Warszawa Koło,1484,005103930
Warszawa Miedzeszyn,1485,005103932
Warszawa Międzylesie,1486,005104080
Warszawa Ochota,1487,005103934
Warszawa Okęcie,1489,005104150
Warszawa Olszynka Grochowska,1490,005103927
Warszawa Płudy,1491,005104160
Warszawa Powiśle,1492,005104154
Warszawa Praga,1493,005104161
Warszawa Radość,1494,005104149
Warszawa Rakowiec,1495,005104216
Warszawa Rembertów,1498,005103922
Warszawa Służewiec,1500,005104157
Warszawa Stadion,1501,005104158
Warszawa Toruńska,1503,005104196
Warszawa Ursus,1504,005103940
Warszawa Wawer,1506,005103942
Warszawa Wileńska,403,005104226
Warszawa Włochy,1507,005104165
Warszawa Wola,1508,005104228
Warszawa Wschodnia,244,005100066
Warszawa Zachodnia,404,005100067
Warszawa ZOO,1510,005104233
Warszawa Żerań,1511,005104227
Warszówka,1512,005103923
Warząchewka,5671,005103957
Wasilków,1513,005103938
Ważne Młyny,4361,005103944
Wąbrzeźno,5672,005103950
Wąchock,2276,005103955
Wągrowiec,233,005104001
Wągry,1515,005104003
Wejherowo,234,005100153
Wejherowo Nanice,5676,005103984
Wejherowo Śmiechowo,5678,005103982
Werchrata,3319,005103991
Wesoła,1516,005103992
Wędrzyn,7526,005103979
Węgierska Górka,4362,005103941
Węgliniec,235,005100068
Węgorzyno,8428,005104000
Węgry,6490,005103981
Węgrzce Wielkie,3320,005103980
Wiatrowiec Warmiński,5679,005104006
Widacz,3321,005104005
Widełka,3322,005104009
Widuchowa,8429,005104008
Widzino,8430,005103969
Widzów Teklinów,4363,005103972
Wiekowo,8431,005103985
Wielanowo,8432,005103986
Wieleń Północny,8435,005104011
Wieliczka,3323,005103959
Wieliszew,1518,005104220
Wielkie Drogi,3324,005104045
Wieluń,237,005103994
Wieluń Dąbrowa,284,005100256
Wieniawa,2280,005104028
Wierchomla Wielka,3325,005103962
Wierna Rzeka,2281,005104082
Wieruszów,7532,005104180
Wieruszów Miasto,7533,005104018
Wierzawice,3326,005104224
Wierzbica Górna,6492,005104222
Wierzbowa Śląska,6494,005103949
Wierzchosławice,5683,005103964
Wierzchowice,6495,005103965
Wierzchowo Człuchowskie,5684,005104231
Wierzchucin,239,005104013
Wierzchucin Stary,5685,005104230
Wiesiółka,4364,005104122
Wiewiecko,8437,005104185
Wieżyca,5686,005104030
Więcławice,5689,005103960
Wiktorowo,5690,005104016
Wilczyska,3327,005103966
Wilkasy,1519,008010379
Wilkołaz,2282,005104049
Wilkołaz Wieś,2283,005104059
Wilkoszewice,1520,005104055
Wilkowice,7537,005104057
Wilkowice Bystra,4367,005104042
Wilkowo Świebodzińskie,7538,005104044
Wilków Namysłowski,6499,005104050
Wipsowo,5692,005104021
Wiry,7539,005104023
Wisła Dziechcinka,4368,005104153
Wisła Głębce,4369,005104152
Wisła Kopydło,4370,005104058
Wisła Obłaziec,4371,005104147
Wisła Uzdrowisko,240,005104181
Wisłoczanka,3328,005103961
Wistka,4372,005104167
Wiśniowa,3329,005104024
Witanów,1521,005104025
Witaszyce,7540,005104168
Witkowo Pyrzyckie,8439,005104174
Witków Śląski,6502,005104173
Witnica,8440,005100261
Witnica Chojeńska,8441,005104169
Witonia,1522,005104172
Witowo,1523,005104177
Wkra,1524,005104054
Wleń,6503,005104064
Władysławowo,5694,005104061
Władysławowo Port,5695,005104073
Włocławek,245,005100315
Włocławek Brzezie,5696,005103945
Włocławek Zazamcze,5697,005104079
Włosienica,3331,005104072
Włostowo,7542,005104076
Włoszakowice,7543,005104065
Włoszczowa,2285,005100154
Wodzisław Śląski,4373,005104095
Wojanów,6504,005104100
Wojaszówka,3332,005104033
Wojnowice Wielkopolskie,7545,005104037
Wojtal,5698,002200560
Wola Bierwiecka,2288,005104093
Wola Filipowska,3334,005104097
Wola Lipieniecka,2291,005104070
Wola Radziszowska,3336,005104068
Wola Rowska,1528,005104074
Wola Rzędzińska,3337,005104219
Wolanów,2292,005104102
Wolbrom,4379,005104062
Wolenice,7546,005104096
Wolica,2293,005104092
Wolin Pomorski,8443,005104106
Wolsztyn,524,005104114
Wołczyn,6507,005104104
Wołomin,1529,005104103
Wołomin Słoneczna,1530,005104071
Wołowno,5699,005104105
Wołów,247,005100155
Worowo,525,005104107
Woszczele,1531,005104108
Wólka,7547,005104111
Wólka Kańska,2294,005100322
Wólka Niedzieliska,2295,005104084
Wólka Okopska,2296,005104121
Wólka Plebańska,2297,005100322
Wólka Ratowiecka,1534,005104109
Wrocław Brochów,906,005104125
Wrocław Główny,248,005100069
Wrocław Kuźniki,6512,005104140
Wrocław Leśnica,6513,005104133
Wrocław Mikołajów,6514,005104134
Wrocław Muchobór,6515,005104130
Wrocław Nadodrze,6516,005100255
Wrocław Nowy Dwór,6517,005104127
Wrocław Osobowice,6518,005104184
Wrocław Popowice,6520,005104142
Wrocław Pracze,6521,005104193
Wrocław Psie Pole,6522,005104120
Wrocław Sołtysowice,6523,005104139
Wrocław Świniary,6526,005104198
Wrocław Zachodni,6529,005104199
Wrocław Żerniki,6531,005104138
Wrocławki,5701,005104126
Wroniawy,7548,005104144
Wronki,249,005104135
Wróblik Szlachecki,3339,005103946
Wróblin Głogowski,6532,005104129
Wrząca Pomorska,8444,005104124
Wrzeście,5703,005103956
Września,250,005100157
Wrześnica,8445,005104083
Wrzosowo,8446,005104145
Wrzosów,1535,005104141
Wudzyn,5704,005104178
Wydartowo,5706,005104201
Wydminy,1536,005104203
Wygoda,1537,005104204
Wykno,1538,005104206
Wyry,4353,005104210
Wyrzysk Osiek,8447,005104210
Wysoczany,3340,005104200
Wysoka Braniewska,5707,005104208
Wysoka Kamieńska,526,005100221
Wyszków,425,005104211
Wyszków Śląski,6533,005104211
Wyszomierz,8450,005104214
Wyszyny,5709,005104213
Zabierzów,3341,005104268
Zabieżki,1540,005104275
Zabłocie Czuchów,4382,005101645
Zaborów,3342,005104240
Zaborze,4383,005104236
Zabrze,251,005100070
Zabrzeg,4389,005100257
Zabrzeg Czarnolesie,4390,005104271
Zaczernie,3343,005104237
Zagajnik,6534,005104305
Zagnańsk,2298,005104309
Zagościniec,1541,005104310
Zagórz,252,005104314
Zagrody,3344,005104306
Zajączkowo Lubawskie,5711,005104332
Zajezierce,1542,005104238
Zajezierze k/Dęblina,2299,005104238
Zaklików,2300,005104337
Zakopane,253,005100158
Zakrzewo Złotowskie,8452,005104341
Zakrzów Kotowice,6537,005104338
Zakrzów Sarnowo,5715,005104340
Zalesie Górne,1543,005104344
Zalesie Kraszeńskie,2301,005104347
Zalesie Śląskie,6538,005104347
Zalesie Wielkopolskie,7557,005104347
Zamek Bulowicki,4391,005104363
Zamość,254,005104366
Zaosie,1545,005104249
Zaręba,6540,005104380
Zarębki,3347,005104379
Zarośle,5718,005104383
Zarszyn,3348,005104386
Zaryń,5719,005104256
Zarzecze,4392,005104420
Zarzeka,2303,005104235
Zasieki,256,005100159
Zasieki Gr,8820,005100159
Zastocze,1547,005104388
Zastów,3349,005104252
Zator,3350,005104253
Zawada,257,005104255
Zawadówka,2304,005104401
Zawadzkie,6541,005104257
Zawidz,1548,005104319
Zawidz Kościelny,1549,005104406
Zawiercie,258,005100212
Zawiercie Borowe Pole,4393,005104399
Ząbki,1550,005104336
Ząbkowice Śląskie,6543,005104387
Ząbrowo,5721,005104254
Zbąszynek,259,005100071
Zbąszyń,7559,005104258
Zbąszyń Przedmieście,7560,005104259
Zblewo,5722,005104266
Zbydniów,2305,005104274
Zdrody Nowe,1551,005104278
Zdrojowisko,6544,005104280
Zduny,7561,005104282
Zduńska Wola,260,005100231
Zduńska Wola Karsznice,261,005100160
Zdzieszowice,4395,005104277
Zebrzydowa,6545,005104286
Zebrzydowice,262,005100264
Zelczyna,3351,005104284
Zembrzyce,3352,005104295
Zębice Wrocławskie,6546,005104287
Zgierz,702,005104308
Zgorzelec,264,005100085
Zgorzelec Miasto,266,005100232
Zieleń,5727,005104316
Zielona Góra,267,005100222
Zielonczyn,5728,005104325
Zielonka,427,005104322
Zielonka Bankowa,1556,005104318
Zielonka Pasłęcka,5729,005104327
Zielonka Pomorska,5730,005104328
Ziemomyśl,8455,005104330
Ziębice,6550,005100162
Zimnochy,1557,005104324
Złocieniec,268,005104343
Złojec,2306,005104346
Złotniki,7565,005104350
Złotniki Kujawskie,5731,005104354
Złotniki Kutnowskie,1558,005104349
Złotów,8456,005104356
Zosinów,1559,005104376
Zubrzyk,3354,005104392
Zwardoń,4397,005104398
Zwardoń Gr,8823,005104398
Zwierzyniec,2307,005104403
Zwięczyca,3355,005104402
Zygmuntowo Mazowieckie,1560,005104414
Zygmuntów,2308,005104412
Żabi Róg,5734,005104263
Żabiny,5735,005104234
Żabno,3356,005104261
Żabno k/Chojnic,5736,005104261
Żagań,269,005100211
Żakowice,1561,005104245
Żalno,5737,005104246
Żarki Letnisko,4398,005104381
Żarów,6554,005104251
Żary,270,005100243
Żary Kunice,7567,005104334
Żegiestów,3357,005104289
Żegiestów Zdrój,271,005104304
Żelisławice,2309,005104294
Żelisławice Pomorskie,8459,005104353
Żelistrzewo,5739,005104301
Żerków,7568,005104293
Żmigród,6557,005104359
Żory,719,005104369
Żółtnica,8460,005104373
Żółwino,8461,005104377
Żórawie,8462,005104372
Żórawina,6558,005104372
Żugienie,5732,005100324
Żukowice,6559,005104396
Żukowo Wschodnie,5740,005104396
Żulin,2310,005104390
Żurawica,3358,005104395
Żurawica Rozrządowa,3359,005104391
Żychlin,1564,005104413
Życzyn,1565,005104410
Żydowo,7570,005104411
Żyrardów,1566,005104415
Żytkowice,2311,005104417
Żywiec,4400,005104418
Żywiec Sporysz,4401,005104418
